13:20:55 **** Incremental Build of configuration Debug for project SmartHome ****
make all 
Building file: ../main.c
Invoking: AVR Compiler
avr-gcc -Wall -g2 -gstabs -O0 -fpack-struct -fshort-enums -ffunction-sections -fdata-sections -std=gnu99 -funsigned-char -funsigned-bitfields -mmcu=atmega32 -DF_CPU=16000000UL -MMD -MP -MF"main.d" -MT"main.o" -c -o "main.o" "../main.c"
Finished building: ../main.c
 
Building target: SmartHome.elf
Invoking: AVR C Linker
avr-gcc -Wl,-Map,SmartHome.map -mmcu=atmega32 -o "SmartHome.elf"  ./DC_Motor.o ./PWM.o ./adc.o ./buzzer.o ./flame.o ./gpio.o ./lcd.o ./ldr.o ./led.o ./lm35_sensor.o ./main.o   
Finished building target: SmartHome.elf
 
Invoking: AVR Create Extended Listing
avr-objdump -h -S SmartHome.elf  >"SmartHome.lss"
Finished building: SmartHome.lss
 
Invoking: Print Size
avr-size --format=avr --mcu=atmega32 SmartHome.elf
AVR Memory Usage
----------------
Device: atmega32

Program:   10270 bytes (31.3% Full)
(.text + .data + .bootloader)

Data:        324 bytes (15.8% Full)
(.data + .bss + .noinit)


Finished building: sizedummy
 
